<?xml version="1.0" encoding="UTF-8"?>
<!-- Generated by org.testng.reporters.JUnitReportReporter -->
<testsuite hostname="DESKTOP-3POOLFT" failures="0" tests="2" name="TestNGDemos.D06ModularFramework" time="0.046" errors="0" timestamp="2024-03-18T13:45:32 IST" skipped="0">
  <testcase classname="TestNGDemos.D06ModularFramework" name="test3" time="0.023"/>
  <system-out/>
  <testcase classname="TestNGDemos.D06ModularFramework" name="test5" time="0.023"/>
  <system-out/>
</testsuite> <!-- TestNGDemos.D06ModularFramework -->
