<?xml version="1.0" encoding="UTF-8"?>
<!-- Generated by org.testng.reporters.JUnitReportReporter -->
<testsuite hostname="DESKTOP-3POOLFT" failures="0" tests="5" name="DatadrivenusingExcel.Dataprovider" time="0.102" errors="0" timestamp="2024-03-13T23:17:38 IST" skipped="0">
  <testcase classname="DatadrivenusingExcel.Dataprovider" name="f" time="0.006"/>
  <system-out/>
  <testcase classname="DatadrivenusingExcel.Dataprovider" name="f" time="0.010"/>
  <system-out/>
  <testcase classname="DatadrivenusingExcel.Dataprovider" name="f" time="0.071"/>
  <system-out/>
  <testcase classname="DatadrivenusingExcel.Dataprovider" name="f" time="0.009"/>
  <system-out/>
  <testcase classname="DatadrivenusingExcel.Dataprovider" name="f" time="0.006"/>
  <system-out/>
</testsuite> <!-- DatadrivenusingExcel.Dataprovider -->
