<?xml version="1.0" encoding="UTF-8"?>
<!-- Generated by org.testng.reporters.JUnitReportReporter -->
<testsuite hostname="DESKTOP-3POOLFT" failures="0" tests="2" name="TestNGDemos.BeforeAftertest" time="8.452" errors="0" timestamp="2024-03-06T23:07:17 IST" skipped="0">
  <testcase classname="TestNGDemos.BeforeAftertest" name="Meesho" time="1.890"/>
  <system-out/>
  <testcase classname="TestNGDemos.BeforeAftertest" name="Amazon" time="6.562"/>
  <system-out/>
</testsuite> <!-- TestNGDemos.BeforeAftertest -->
