<?xml version="1.0" encoding="UTF-8"?>
<!-- Generated by org.testng.reporters.JUnitReportReporter -->
<testsuite hostname="DESKTOP-3POOLFT" failures="0" tests="4" name="DataproviderPractices.ExceltestCasepractice" time="3.012" errors="0" timestamp="2024-03-25T10:53:13 IST" skipped="0">
  <testcase classname="DataproviderPractices.ExceltestCasepractice" name="f" time="0.872"/>
  <system-out/>
  <testcase classname="DataproviderPractices.ExceltestCasepractice" name="f" time="0.318"/>
  <system-out/>
  <testcase classname="DataproviderPractices.ExceltestCasepractice" name="f" time="0.304"/>
  <system-out/>
  <testcase classname="DataproviderPractices.ExceltestCasepractice" name="f" time="1.518"/>
  <system-out/>
</testsuite> <!-- DataproviderPractices.ExceltestCasepractice -->
