<?xml version="1.0" encoding="UTF-8"?>
<!-- Generated by org.testng.reporters.JUnitReportReporter -->
<testsuite hostname="DESKTOP-3POOLFT" failures="0" tests="1" name="DataproviderPractices.ExceltestCase" time="0.000" errors="0" timestamp="2024-03-21T22:54:20 IST" skipped="1">
  <testcase classname="DataproviderPractices.ExceltestCase" name="f" time="0.000">
    <skipped/>
  </testcase> <!-- f -->
  <system-out/>
</testsuite> <!-- DataproviderPractices.ExceltestCase -->
