<?xml version="1.0" encoding="UTF-8"?>
<!-- Generated by org.testng.reporters.JUnitReportReporter -->
<testsuite hostname="DESKTOP-3POOLFT" failures="0" tests="1" name="TestNGDemos.D01Firsttest" time="18.464" errors="0" timestamp="2024-03-05T21:59:59 IST" skipped="0">
  <testcase classname="TestNGDemos.D01Firsttest" name="OpenMyntra" time="18.464"/>
  <system-out/>
</testsuite> <!-- TestNGDemos.D01Firsttest -->
