<?xml version="1.0" encoding="UTF-8"?>
<!-- Generated by org.testng.reporters.JUnitReportReporter -->
<testsuite hostname="DESKTOP-3POOLFT" failures="0" tests="1" name="TestNGPractice.Keyworddrivenframework" time="2.000" errors="0" timestamp="2024-03-20T20:44:43 IST" skipped="0">
  <testcase classname="TestNGPractice.Keyworddrivenframework" name="f" time="2.000"/>
  <system-out/>
</testsuite> <!-- TestNGPractice.Keyworddrivenframework -->
