<?xml version="1.0" encoding="UTF-8"?>
<!-- Generated by org.testng.reporters.JUnitReportReporter -->
<testsuite hostname="DESKTOP-3POOLFT" failures="0" tests="4" name="DatadrivenusingExcel.Dataproviderpractice" time="0.070" errors="0" timestamp="2024-03-15T13:09:33 IST" skipped="0">
  <testcase classname="DatadrivenusingExcel.Dataproviderpractice" name="f" time="0.009"/>
  <system-out/>
  <testcase classname="DatadrivenusingExcel.Dataproviderpractice" name="f" time="0.046"/>
  <system-out/>
  <testcase classname="DatadrivenusingExcel.Dataproviderpractice" name="f" time="0.009"/>
  <system-out/>
  <testcase classname="DatadrivenusingExcel.Dataproviderpractice" name="f" time="0.006"/>
  <system-out/>
</testsuite> <!-- DatadrivenusingExcel.Dataproviderpractice -->
