<?xml version="1.0" encoding="UTF-8"?>
<!-- Generated by org.testng.reporters.JUnitReportReporter -->
<testsuite hostname="DESKTOP-3POOLFT" failures="0" tests="2" name="TestNGDemos.Methodandtest" time="13.842" errors="0" timestamp="2024-03-07T17:46:46 IST" skipped="0">
  <testcase classname="TestNGDemos.Methodandtest" name="test1" time="5.062"/>
  <system-out/>
  <testcase classname="TestNGDemos.Methodandtest" name="test2" time="8.780"/>
  <system-out/>
</testsuite> <!-- TestNGDemos.Methodandtest -->
