<?xml version="1.0" encoding="UTF-8"?>
<!-- Generated by org.testng.reporters.JUnitReportReporter -->
<testsuite hostname="DESKTOP-3POOLFT" failures="0" tests="1" name="com.com.testNgAssignments.NewTest" time="0.000" errors="0" timestamp="2024-03-15T16:57:12 IST" skipped="1">
  <testcase classname="com.com.testNgAssignments.NewTest" name="Login" time="0.000">
    <skipped/>
  </testcase> <!-- Login -->
  <system-out/>
</testsuite> <!-- com.com.testNgAssignments.NewTest -->
