<?xml version="1.0" encoding="UTF-8"?>
<!-- Generated by org.testng.reporters.JUnitReportReporter -->
<testsuite hostname="DESKTOP-3POOLFT" failures="0" tests="4" name="DataproviderPractices.TestcaseExelsheet" time="5.450" errors="0" timestamp="2024-03-25T11:26:27 IST" skipped="0">
  <testcase classname="DataproviderPractices.TestcaseExelsheet" name="f" time="0.672"/>
  <system-out/>
  <testcase classname="DataproviderPractices.TestcaseExelsheet" name="f" time="1.282"/>
  <system-out/>
  <testcase classname="DataproviderPractices.TestcaseExelsheet" name="f" time="2.765"/>
  <system-out/>
  <testcase classname="DataproviderPractices.TestcaseExelsheet" name="f" time="0.731"/>
  <system-out/>
</testsuite> <!-- DataproviderPractices.TestcaseExelsheet -->
