<?xml version="1.0" encoding="UTF-8"?>
<!-- Generated by org.testng.reporters.JUnitReportReporter -->
<testsuite hostname="DESKTOP-3POOLFT" failures="0" tests="1" name="DataproviderPractices.WritedatausingExcel" time="0.048" errors="0" timestamp="2024-03-18T22:43:52 IST" skipped="0">
  <testcase classname="DataproviderPractices.WritedatausingExcel" name="Writedata" time="0.048"/>
  <system-out/>
</testsuite> <!-- DataproviderPractices.WritedatausingExcel -->
