<?xml version="1.0" encoding="UTF-8"?>
<!-- Generated by org.testng.reporters.JUnitReportReporter -->
<testsuite hostname="DESKTOP-3POOLFT" failures="0" tests="1" name="TestNGPractice.Parameterization" time="2.485" errors="0" timestamp="2024-03-20T21:02:09 IST" skipped="0">
  <testcase classname="TestNGPractice.Parameterization" name="login" time="2.485"/>
  <system-out/>
</testsuite> <!-- TestNGPractice.Parameterization -->
