<?xml version="1.0" encoding="UTF-8"?>
<!-- Generated by org.testng.reporters.JUnitReportReporter -->
<testsuite hostname="DESKTOP-3POOLFT" failures="0" tests="1" name="com.testNgAssignments.NewTest" time="9.824" errors="0" timestamp="2024-03-11T14:30:36 IST" skipped="0">
  <testcase classname="com.testNgAssignments.NewTest" name="LoginTest" time="9.824"/>
  <system-out/>
</testsuite> <!-- com.testNgAssignments.NewTest -->
