<?xml version="1.0" encoding="UTF-8"?>
<!-- Generated by org.testng.reporters.JUnitReportReporter -->
<testsuite hostname="DESKTOP-3POOLFT" failures="0" tests="1" name="DatadrivenusingExcel.WritetoExcel" time="0.047" errors="0" timestamp="2024-03-14T13:31:49 IST" skipped="0">
  <testcase classname="DatadrivenusingExcel.WritetoExcel" name="f" time="0.047"/>
  <system-out/>
</testsuite> <!-- DatadrivenusingExcel.WritetoExcel -->
