<?xml version="1.0" encoding="UTF-8"?>
<!-- Generated by org.testng.reporters.JUnitReportReporter -->
<testsuite hostname="DESKTOP-3POOLFT" failures="0" tests="1" name="com.testNgAssignments.TestCasebyExcelsheet" time="0.000" errors="0" timestamp="2024-03-15T16:48:47 IST" skipped="1">
  <testcase classname="com.testNgAssignments.TestCasebyExcelsheet" name="LogintoOHRM" time="0.000">
    <skipped/>
  </testcase> <!-- LogintoOHRM -->
  <system-out/>
</testsuite> <!-- com.testNgAssignments.TestCasebyExcelsheet -->
