<?xml version="1.0" encoding="UTF-8"?>
<!-- Generated by org.testng.reporters.JUnitReportReporter -->
<testsuite hostname="DESKTOP-3POOLFT" failures="0" tests="1" name="DatadrivenusingExcel.WritetoExcelPractice" time="0.053" errors="0" timestamp="2024-03-15T12:56:29 IST" skipped="0">
  <testcase classname="DatadrivenusingExcel.WritetoExcelPractice" name="f" time="0.053"/>
  <system-out/>
</testsuite> <!-- DatadrivenusingExcel.WritetoExcelPractice -->
