<?xml version="1.0" encoding="UTF-8"?>
<!-- Generated by org.testng.reporters.JUnitReportReporter -->
<testsuite hostname="DESKTOP-3POOLFT" failures="0" tests="1" name="TestNGPractice.PageObjectModel" time="1.396" errors="0" timestamp="2024-03-20T16:49:44 IST" skipped="0">
  <testcase classname="TestNGPractice.PageObjectModel" name="Login" time="1.396"/>
  <system-out/>
</testsuite> <!-- TestNGPractice.PageObjectModel -->
