<?xml version="1.0" encoding="UTF-8"?>
<!-- Generated by org.testng.reporters.JUnitReportReporter -->
<testsuite hostname="DESKTOP-3POOLFT" failures="0" tests="2" name="TestNGDemos.D03BeforeAftertest" time="13.774" errors="0" timestamp="2024-03-07T19:51:13 IST" skipped="0">
  <testcase classname="TestNGDemos.D03BeforeAftertest" name="Amazon" time="4.842"/>
  <system-out/>
  <testcase classname="TestNGDemos.D03BeforeAftertest" name="amazon2" time="8.932"/>
  <system-out/>
</testsuite> <!-- TestNGDemos.D03BeforeAftertest -->
