<?xml version="1.0" encoding="UTF-8"?>
<!-- Generated by org.testng.reporters.JUnitReportReporter -->
<testsuite hostname="DESKTOP-3POOLFT" failures="0" tests="2" name="com.testNgAssignments.Interactingwithmenus" time="11.528" errors="0" timestamp="2024-03-07T12:42:21 IST" skipped="0">
  <testcase classname="com.testNgAssignments.Interactingwithmenus" name="test1" time="4.397"/>
  <system-out/>
  <testcase classname="com.testNgAssignments.Interactingwithmenus" name="test2" time="7.131"/>
  <system-out/>
</testsuite> <!-- com.testNgAssignments.Interactingwithmenus -->
