<?xml version="1.0" encoding="UTF-8"?>
<!-- Generated by org.testng.reporters.JUnitReportReporter -->
<testsuite hostname="DESKTOP-3POOLFT" failures="0" tests="1" name="DatadrivenusingExcel.ReadData" time="0.027" errors="0" timestamp="2024-03-15T23:22:56 IST" skipped="0">
  <testcase classname="DatadrivenusingExcel.ReadData" name="readdata" time="0.027"/>
  <system-out/>
</testsuite> <!-- DatadrivenusingExcel.ReadData -->
