<?xml version="1.0" encoding="UTF-8"?>
<!-- Generated by org.testng.reporters.JUnitReportReporter -->
<testsuite hostname="DESKTOP-3POOLFT" failures="0" tests="1" name="com.testNgAssignments.POMLoginImplementationAssignment02" time="7.959" errors="0" timestamp="2024-03-21T14:27:34 IST" skipped="0">
  <testcase classname="com.testNgAssignments.POMLoginImplementationAssignment02" name="Login" time="7.959"/>
  <system-out/>
</testsuite> <!-- com.testNgAssignments.POMLoginImplementationAssignment02 -->
