<?xml version="1.0" encoding="UTF-8"?>
<!-- Generated by org.testng.reporters.JUnitReportReporter -->
<testsuite hostname="DESKTOP-3POOLFT" failures="0" tests="4" name="DataproviderPractices.WriteusingDataprovider" time="0.110" errors="0" timestamp="2024-03-19T00:31:38 IST" skipped="0">
  <testcase classname="DataproviderPractices.WriteusingDataprovider" name="f" time="0.009"/>
  <system-out/>
  <testcase classname="DataproviderPractices.WriteusingDataprovider" name="f" time="0.069"/>
  <system-out/>
  <testcase classname="DataproviderPractices.WriteusingDataprovider" name="f" time="0.018"/>
  <system-out/>
  <testcase classname="DataproviderPractices.WriteusingDataprovider" name="f" time="0.014"/>
  <system-out/>
</testsuite> <!-- DataproviderPractices.WriteusingDataprovider -->
