<?xml version="1.0" encoding="UTF-8"?>
<!-- Generated by org.testng.reporters.JUnitReportReporter -->
<testsuite hostname="DESKTOP-3POOLFT" failures="0" tests="1" name="TestNGDemos.parameterization" time="1.392" errors="0" timestamp="2024-03-20T21:00:26 IST" skipped="0">
  <testcase classname="TestNGDemos.parameterization" name="Login" time="1.392"/>
  <system-out/>
</testsuite> <!-- TestNGDemos.parameterization -->
