<?xml version="1.0" encoding="UTF-8"?>
<!-- Generated by org.testng.reporters.JUnitReportReporter -->
<testsuite hostname="DESKTOP-3POOLFT" failures="0" tests="4" name="TestNGDemos.Dataproviderprac" time="2.824" errors="0" timestamp="2024-03-18T16:26:37 IST" skipped="0">
  <testcase classname="TestNGDemos.Dataproviderprac" name="Login" time="0.765"/>
  <system-out/>
  <testcase classname="TestNGDemos.Dataproviderprac" name="Login" time="0.696"/>
  <system-out/>
  <testcase classname="TestNGDemos.Dataproviderprac" name="Login" time="0.685"/>
  <system-out/>
  <testcase classname="TestNGDemos.Dataproviderprac" name="Login" time="0.678"/>
  <system-out/>
</testsuite> <!-- TestNGDemos.Dataproviderprac -->
