<?xml version="1.0" encoding="UTF-8"?>
<!-- Generated by org.testng.reporters.JUnitReportReporter -->
<testsuite hostname="DESKTOP-3POOLFT" failures="0" tests="3" name="TestNGPractice.Methods" time="4.891" errors="0" timestamp="2024-03-20T13:14:19 IST" skipped="0">
  <testcase classname="TestNGPractice.Methods" name="Test1" time="0.949"/>
  <system-out/>
  <testcase classname="TestNGPractice.Methods" name="Test3" time="0.682"/>
  <system-out/>
  <testcase classname="TestNGPractice.Methods" name="Test2" time="3.260"/>
  <system-out/>
</testsuite> <!-- TestNGPractice.Methods -->
