<?xml version="1.0" encoding="UTF-8"?>
<!-- Generated by org.testng.reporters.JUnitReportReporter -->
<testsuite hostname="DESKTOP-3POOLFT" failures="0" tests="1" name="DatadrivenframeworkPractice.Writedata" time="0.045" errors="0" timestamp="2024-03-20T22:43:31 IST" skipped="0">
  <testcase classname="DatadrivenframeworkPractice.Writedata" name="test" time="0.045"/>
  <system-out/>
</testsuite> <!-- DatadrivenframeworkPractice.Writedata -->
