<?xml version="1.0" encoding="UTF-8"?>
<!-- Generated by org.testng.reporters.JUnitReportReporter -->
<testsuite hostname="DESKTOP-3POOLFT" failures="0" tests="4" name="DatadrivenframeworkPractice.WritedataDataprovider" time="0.080" errors="0" timestamp="2024-03-20T22:54:06 IST" skipped="0">
  <testcase classname="DatadrivenframeworkPractice.WritedataDataprovider" name="f" time="0.003"/>
  <system-out/>
  <testcase classname="DatadrivenframeworkPractice.WritedataDataprovider" name="f" time="0.059"/>
  <system-out/>
  <testcase classname="DatadrivenframeworkPractice.WritedataDataprovider" name="f" time="0.013"/>
  <system-out/>
  <testcase classname="DatadrivenframeworkPractice.WritedataDataprovider" name="f" time="0.005"/>
  <system-out/>
</testsuite> <!-- DatadrivenframeworkPractice.WritedataDataprovider -->
