<?xml version="1.0" encoding="UTF-8"?>
<!-- Generated by org.testng.reporters.JUnitReportReporter -->
<testsuite hostname="DESKTOP-3POOLFT" failures="0" tests="3" name="TestNGDemos.D02Multipletest" time="20.094" errors="0" timestamp="2024-03-05T22:16:57 IST" skipped="0">
  <testcase classname="TestNGDemos.D02Multipletest" name="openZepto" time="9.505"/>
  <system-out/>
  <testcase classname="TestNGDemos.D02Multipletest" name="Myntra" time="5.499"/>
  <system-out/>
  <testcase classname="TestNGDemos.D02Multipletest" name="Meesho" time="5.090"/>
  <system-out/>
</testsuite> <!-- TestNGDemos.D02Multipletest -->
