<?xml version="1.0" encoding="UTF-8"?>
<!-- Generated by org.testng.reporters.JUnitReportReporter -->
<testsuite hostname="DESKTOP-3POOLFT" failures="0" tests="3" name="TestNGPractice.BeforeandAfterTest" time="3.059" errors="0" timestamp="2024-03-20T12:51:17 IST" skipped="0">
  <testcase classname="TestNGPractice.BeforeandAfterTest" name="Testcase2" time="2.246"/>
  <system-out/>
  <testcase classname="TestNGPractice.BeforeandAfterTest" name="Testcase3" time="0.336"/>
  <system-out/>
  <testcase classname="TestNGPractice.BeforeandAfterTest" name="Testcase1" time="0.477"/>
  <system-out/>
</testsuite> <!-- TestNGPractice.BeforeandAfterTest -->
